[7mlsetup              [0m lsetup <tool1> [ <tool2> ...] (see lsetup -h):
[7m lsetup asetup      [0m  (or asetup) to setup an Athena release
[7m lsetup astyle      [0m  ATLAS style macros
[7m lsetup atlantis    [0m  Atlantis: event display
[7m lsetup centralpage [0m  Find samples
[7m lsetup eiclient    [0m  Event Index 
[7m lsetup emi         [0m  EMI: grid middleware user interface 
[7m lsetup lcgenv      [0m  lcgenv: setup tools from cvmfs SFT repository
[7m lsetup panda       [0m  Panda: Production ANd Distributed Analysis
[7m lsetup pyami       [0m  pyAMI: ATLAS Metadata Interface python client
[7m lsetup root        [0m  ROOT data processing framework
[7m lsetup rucio       [0m  distributed data management system client
[7m lsetup scikit      [0m  python data analysis ecosystem
[7m lsetup views       [0m  Set up a full LCG release
[7m lsetup xcache      [0m  XRootD local proxy cache
[7m lsetup xrootd      [0m  XRootD data access
[7madvancedTools       [0m advanced tools menu
[7mdiagnostics         [0m diagnostic tools menu
[7mhelpMe              [0m more help
[7minstallPip          [0m install relocatable pip modules locally
[7minstallRpm          [0m install relocatable rpms locally
[7mprintMenu           [0m show this menu
[7mqueryC              [0m find / whatis container query
[7mshowVersions        [0m show versions of installed software

Using AthGeneration/23.6.60 [cmake] with platform x86_64-el9-gcc14-opt
	at /cvmfs/atlas.cern.ch/repo/sw/software/23.6
Test area: /gpfs/mnt/atlasgpfs01/usatlas/workarea/dcamarero/Postdoc/PMG/MCJobOptionsDevelopment/JOs_ssww_Sherpa303_DCMVal/13TeV
Unchanged: COOL_ORA_ENABLE_ADAPTIVE_OPT=Y
PyJobTransforms.main 2026-02-24 01:55:52,558 INFO This is /cvmfs/atlas.cern.ch/repo/sw/software/23.6/AthGeneration/23.6.60/InstallArea/x86_64-el9-gcc14-opt/share/Gen_tf.py
PyJobTransforms.getTransform 2026-02-24 01:55:52,558 INFO Transform arguments ['--ecmEnergy=13000.0', '--randomSeed=1234', '--jobConfig=../100002', '--outputEVNTFile=run2_100002.EVNT.root', '--maxEvents=2500']
PyJobTransforms.getTransform 2026-02-24 01:55:52,558 INFO Output EVNT file
PyJobTransforms.transform.parseCmdLineArgs 2026-02-24 01:55:52,562 INFO Transform command line was: '/cvmfs/atlas.cern.ch/repo/sw/software/23.6/AthGeneration/23.6.60/InstallArea/x86_64-el9-gcc14-opt/share/Gen_tf.py' '--ecmEnergy=13000.0' '--randomSeed=1234' '--jobConfig=../100002' '--outputEVNTFile=run2_100002.EVNT.root' '--maxEvents=2500'
PyJobTransforms.transform.execute 2026-02-24 01:55:52,563 INFO Resolving execution graph
PyJobTransforms.trfGraph.__init__ 2026-02-24 01:55:52,563 INFO Transform graph input data: ['inNULL']; output data ['EVNT']
PyJobTransforms.transform.execute 2026-02-24 01:55:52,565 INFO Starting to trace execution path
PyJobTransforms.transform.execute 2026-02-24 01:55:52,565 INFO Execution path found with 1 step(s): generate
PyJobTransforms.transform.validateInFiles 2026-02-24 01:55:52,566 INFO Validating input files
PyJobTransforms.trfValidation.performStandardFileValidation 2026-02-24 01:55:52,566 INFO Starting legacy (serial) file validation
PyJobTransforms.trfValidation.performStandardFileValidation 2026-02-24 01:55:52,566 INFO Stopping legacy (serial) file validation
PyJobTransforms.trfExe.preExecute 2026-02-24 01:55:52,566 INFO Asetup report: 	AtlasBaseDir=/cvmfs/atlas.cern.ch/repo/sw/software/23.6
	AtlasProject=AthGeneration
	AtlasVersion=23.6.60
	TestArea=/gpfs/mnt/atlasgpfs01/usatlas/workarea/dcamarero/Postdoc/PMG/MCJobOptionsDevelopment/JOs_ssww_Sherpa303_DCMVal/13TeV
	AthGeneration_PLATFORM=x86_64-el9-gcc14-opt
No readable patch area found
PyJobTransforms.trfJobOptions.writeRunArgs 2026-02-24 01:55:52,566 INFO Writing runArgs to file "runargs.generate.py"
PyJobTransforms.trfJobOptions.writeRunArgs 2026-02-24 01:55:52,574 INFO Successfully wrote runargs file runargs.generate.py
PyJobTransforms.trfEnv.probeTcmallocSettings 2026-02-24 01:55:52,575 INFO Skipping inclusion of tcmalloc
PyJobTransforms.trfExe._prepAthenaCommandLine 2026-02-24 01:55:52,578 INFO Setting athena preloadlibs for substep generate to: $ATLASMKLLIBDIR_PRELOAD/libintlc.so.5:$ATLASMKLLIBDIR_PRELOAD/libimf.so
PyJobTransforms.trfExe._prepAthenaCommandLine 2026-02-24 01:55:52,578 INFO Skipping test for "--drop-and-reload" in this executor
PyJobTransforms.trfExe._prepAthenaCommandLine 2026-02-24 01:55:52,578 INFO Updated script arguments with topoptions: ['athena.py', '--preloadlib=$ATLASMKLLIBDIR_PRELOAD/libintlc.so.5:$ATLASMKLLIBDIR_PRELOAD/libimf.so', 'runargs.generate.py', 'EvgenJobTransforms/skel.GENtoEVGEN.py']
PyJobTransforms.trfExe.preExecute 2026-02-24 01:55:52,578 INFO Will execute script as ['athena.py', '--preloadlib=$ATLASMKLLIBDIR_PRELOAD/libintlc.so.5:$ATLASMKLLIBDIR_PRELOAD/libimf.so', 'runargs.generate.py', 'EvgenJobTransforms/skel.GENtoEVGEN.py']
PyJobTransforms.trfExe.preExecute 2026-02-24 01:55:52,578 INFO Batch/grid running - command outputs will not be echoed. Logs for generate are in log.generate
PyJobTransforms.trfExe.preExecute 2026-02-24 01:55:52,579 INFO Now writing wrapper for substep executor generate
PyJobTransforms.trfExe._writeAthenaWrapper 2026-02-24 01:55:52,581 INFO Valgrind/VTune not engaged
PyJobTransforms.trfExe.preExecute 2026-02-24 01:55:52,581 INFO Athena will be executed in a subshell via ['./runwrapper.generate.sh']
PyJobTransforms.preExecute 2026-02-24 01:55:52,582 INFO Using JOBOPTSEARCHPATH = '../100002:/cvmfs/atlas.cern.ch/repo/sw/Generators/MCJobOptions/common:.:/cvmfs/atlas.cern.ch/repo/sw/software/23.6/AthGeneration/23.6.60/InstallArea/x86_64-el9-gcc14-opt/jobOptions:/cvmfs/atlas.cern.ch/repo/sw/software/23.6/AthGenerationExternals/23.6.60/InstallArea/x86_64-el9-gcc14-opt/jobOptions:/gpfs/mnt/atlasgpfs01/usatlas/workarea/dcamarero/Postdoc/PMG/MCJobOptionsDevelopment/JOs_ssww_Sherpa303_DCMVal/13TeV'
PyJobTransforms.preExecute 2026-02-24 01:55:52,582 INFO Using DATAPATH = '../100002:/cvmfs/atlas.cern.ch/repo/sw/Generators/MCJobOptions/common/MadGraphControl/dat/:/cvmfs/atlas.cern.ch/repo/sw/software/23.6/AthGeneration/23.6.60/InstallArea/x86_64-el9-gcc14-opt/data:/cvmfs/atlas.cern.ch/repo/sw/software/23.6/AthGeneration/23.6.60/InstallArea/x86_64-el9-gcc14-opt/share:/cvmfs/atlas.cern.ch/repo/sw/software/23.6/AthGenerationExternals/23.6.60/InstallArea/x86_64-el9-gcc14-opt/share:/cvmfs/atlas.cern.ch/repo/sw/software/23.6/AthGenerationExternals/23.6.60/InstallArea/x86_64-el9-gcc14-opt/data:/cvmfs/atlas.cern.ch/repo/sw/software/23.6/atlas/offline/ReleaseData/v20:/cvmfs/atlas.cern.ch/repo/sw/software/23.6/atlas/offline/ReleaseData/v20/testfile:/cvmfs/atlas-nightlies.cern.ch/repo/data/data-art'
PyJobTransforms.preExecute 2026-02-24 01:55:52,586 INFO gridpack for only one energy available 
PyJobTransforms.preExecute 2026-02-24 01:55:52,586 INFO Should be used gridpack for energy 13
PyJobTransforms.preExecute 2026-02-24 01:55:52,586 INFO Gridpack should start from mc_13TeV
PyJobTransforms.preExecute 2026-02-24 01:55:52,586 INFO using gridpack = ../100002/mc_13TeV.Sh_30_llvvjj_ss_inclusive.GRID.tar.gz
PyJobTransforms.preExecute 2026-02-24 01:55:52,817 INFO Configuration input gridpack found ../100002/mc_13TeV.Sh_30_llvvjj_ss_inclusive.GRID.tar.gz
PyJobTransforms.trfExe.execute 2026-02-24 01:56:21,231 INFO Starting execution of generate (['./runwrapper.generate.sh'])
